
Fecha: 2025-07-02 12:49:42
Para: usuario2@gmail.com
Asunto: Verificación de cuenta
Mensaje:
Por favor, verifica tu cuenta haciendo clic en este enlace: http://localhost/ApiBiblioteca/admin//verificar.php?token=b47e8d093d90dbf7e15a5133d204cd185f8c4b0361884b4ad52d0d765fc98966
__________________________________________

Fecha: 2025-07-03 10:13:37
Para: usuario2@gmail.com
Asunto: Recuperación de contraseña
Mensaje:
Para restablecer tu contraseña, haz click en este enlace: http://localhost/ApiBiblioteca/admin//restablecer.php?token=45a434d7dc9c73b03d02465e71e3d0eab68667ca661ca2144d4a4304866e16b2
__________________________________________

Fecha: 2025-07-03 11:07:41
Para: usuario2@gmail.com
Asunto: Recuperación de contraseña
Mensaje:
Para restablecer tu contraseña, haz click en este enlace: http://localhost/ApiBiblioteca/admin//restablecer.php?token=d13fdf7346bb200a056b3a6d23aa7c322afa5c8f21447489244932ed2d3c4e0e
__________________________________________

Fecha: 2025-07-03 11:22:52
Para: usuario2@gmail.com
Asunto: Recuperación de contraseña
Mensaje:
Para restablecer tu contraseña, haz click en este enlace: http://localhost/ApiBiblioteca/admin//restablecer.php?token=e42260dbaa9d4a1e9ca737144a2a346991c1e09c50e790ccdac882a52d4773f3
__________________________________________

Fecha: 2025-07-03 13:17:36
Para: usuario2@gmail.com
Asunto: Recuperación de contraseña
Mensaje:
Para restablecer tu contraseña, haz click en este enlace: http://localhost/ApiBiblioteca/admin/restablecer.php?token=f88b4790e856d6ab55bacc1ef3d762397a6dc89660853e6ed334203cd13c0e16
__________________________________________

Fecha: 2025-07-03 13:18:59
Para: antonia@gmail.com
Asunto: Verificación de cuenta
Mensaje:
Por favor, verifica tu cuenta haciendo clic en este enlace: http://localhost/ApiBiblioteca/admin/verificar.php?token=d3c13fb20180066c9813b5f857974958504450b7d331b33507df612d13159df2
__________________________________________

